<?xml version="1.0" encoding="UTF-8"?>
<!-- Generated by org.testng.reporters.JUnitReportReporter -->
<testsuite hostname="DESKTOP-PBE5DVE" failures="0" tests="1" name="com.api.test.PostAPITest" time="1.454" errors="0" timestamp="2024-07-09T13:51:52 IST" skipped="0">
  <testcase classname="com.api.test.PostAPITest" name="postAPITest" time="1.454"/>
</testsuite> <!-- com.api.test.PostAPITest -->
