<?xml version="1.0" encoding="UTF-8"?>
<!-- Generated by org.testng.reporters.JUnitReportReporter -->
<testsuite hostname="DESKTOP-PBE5DVE" failures="0" tests="1" name="com.api.test.GetAPITest" time="1.126" errors="0" timestamp="2024-07-09T13:52:37 IST" skipped="0">
  <testcase classname="com.api.test.GetAPITest" name="getAPITest" time="1.126"/>
</testsuite> <!-- com.api.test.GetAPITest -->
